<?xml version="1.0" encoding="UTF-8"?>
<!-- Generated by org.testng.reporters.JUnitXMLReporter -->
<testsuite hostname="ARTEMIS" failures="0" tests="19" name="Surefire test" time="0.16" errors="0" timestamp="1 Apr 2021 14:00:29 GMT">
  <testcase classname="se.nackademin.examination.examination_jacoco.MainTest" name="testMainMethod on testMainMethod(se.nackademin.examination.examination_jacoco.MainTest)" time="0.016"/>
  <testcase classname="se.nackademin.examination.examination_jacoco.ResultsFromInputsTest" name="testAgeGettersAndSettersMethods on testAgeGettersAndSettersMethods(se.nackademin.examination.examination_jacoco.ResultsFromInputsTest)" time="0.003"/>
  <testcase classname="se.nackademin.examination.examination_jacoco.GameTest" name="testRun on testRun(se.nackademin.examination.examination_jacoco.GameTest)" time="0.005"/>
  <testcase classname="se.nackademin.examination.examination_jacoco.GameTest" name="testCalculateOutPutBasedOnGender on testCalculateOutPutBasedOnGender(se.nackademin.examination.examination_jacoco.GameTest)" time="0.0"/>
  <testcase classname="se.nackademin.examination.examination_jacoco.GameTest" name="collectInputDataCorrectUserInput on collectInputDataCorrectUserInput(se.nackademin.examination.examination_jacoco.GameTest)" time="0.007"/>
  <testcase classname="se.nackademin.examination.examination_jacoco.GameTest" name="testCalculateOutPutBasedOnHomeCity on testCalculateOutPutBasedOnHomeCity(se.nackademin.examination.examination_jacoco.GameTest)" time="0.001"/>
  <testcase classname="se.nackademin.examination.examination_jacoco.GameTest" name="testCalculateOutPutBasedOnAge on testCalculateOutPutBasedOnAge(se.nackademin.examination.examination_jacoco.GameTest)" time="0.001"/>
  <testcase classname="se.nackademin.examination.examination_jacoco.GameTest" name="testGetGenderFromInputValues on testGetGenderFromInputValues(se.nackademin.examination.examination_jacoco.GameTest)" time="0.0"/>
  <testcase classname="se.nackademin.examination.examination_jacoco.GameTest" name="testGetAgeFromInputValues on testGetAgeFromInputValues(se.nackademin.examination.examination_jacoco.GameTest)" time="0.0"/>
  <testcase classname="se.nackademin.examination.examination_jacoco.GameTest" name="testRunGame on testRunGame(se.nackademin.examination.examination_jacoco.GameTest)" time="0.001"/>
  <testcase classname="se.nackademin.examination.examination_jacoco.GameTest" name="testCalculateOutPutBasedOnNames on testCalculateOutPutBasedOnNames(se.nackademin.examination.examination_jacoco.GameTest)" time="0.0"/>
  <testcase classname="se.nackademin.examination.examination_jacoco.ConversorTest" name="testGetSetAgeConverterArrayValues on testGetSetAgeConverterArrayValues(se.nackademin.examination.examination_jacoco.ConversorTest)" time="0.0"/>
  <testcase classname="se.nackademin.examination.examination_jacoco.ConversorTest" name="testSetNameConverterArrayValues on testSetNameConverterArrayValues(se.nackademin.examination.examination_jacoco.ConversorTest)" time="0.0"/>
  <testcase classname="se.nackademin.examination.examination_jacoco.ConversorTest" name="testGetSetGenderConverterArrayValues on testGetSetGenderConverterArrayValues(se.nackademin.examination.examination_jacoco.ConversorTest)" time="0.001"/>
  <testcase classname="se.nackademin.examination.examination_jacoco.ConversorTest" name="testGetSetCityConverterArrayValues on testGetSetCityConverterArrayValues(se.nackademin.examination.examination_jacoco.ConversorTest)" time="0.0"/>
  <testcase classname="se.nackademin.examination.examination_jacoco.ConversorTest" name="testConversor on testConversor(se.nackademin.examination.examination_jacoco.ConversorTest)" time="0.0"/>
  <testcase classname="se.nackademin.examination.examination_jacoco.DataAnalysisTest" name="testGetResultStringNamesAndAge on testGetResultStringNamesAndAge(se.nackademin.examination.examination_jacoco.DataAnalysisTest)" time="0.0"/>
  <testcase classname="se.nackademin.examination.examination_jacoco.DataAnalysisTest" name="testGetResulStringHomecityAndAge on testGetResulStringHomecityAndAge(se.nackademin.examination.examination_jacoco.DataAnalysisTest)" time="0.0"/>
  <testcase classname="se.nackademin.examination.examination_jacoco.DataAnalysisTest" name="testBuildFinalString on testBuildFinalString(se.nackademin.examination.examination_jacoco.DataAnalysisTest)" time="0.001"/>
</testsuite> <!-- Surefire test -->
